The system is: Darwin - 23.5.0 - x86_64
Compiling the C compiler identification source file "CMakeCCompilerId.c" succeeded.
Compiler: /opt/homebrew/Cellar/gcc@12/12.3.0/bin/gcc-12 
Build flags: 
Id flags:  

The output was:
0


Compilation of the C compiler identification source "CMakeCCompilerId.c" produced "a.out"

The C compiler identification is GNU, found in "/Users/keyoung/CLionProjects/c-c-code-practice/a-tour-of-cpp-y/01-basics/cmake-build-debug/CMakeFiles/3.23.2/CompilerIdC/a.out"

Compiling the CXX compiler identification source file "CMakeCXXCompilerId.cpp" succeeded.
Compiler: /opt/homebrew/Cellar/gcc@12/12.3.0/bin/g++-12 
Build flags: 
Id flags:  

The output was:
0


Compilation of the CXX compiler identification source "CMakeCXXCompilerId.cpp" produced "a.out"

The CXX compiler identification is GNU, found in "/Users/keyoung/CLionProjects/c-c-code-practice/a-tour-of-cpp-y/01-basics/cmake-build-debug/CMakeFiles/3.23.2/CompilerIdCXX/a.out"

Detecting C compiler ABI info compiled with the following output:
Change Dir: /Users/keyoung/CLionProjects/c-c-code-practice/a-tour-of-cpp-y/01-basics/cmake-build-debug/CMakeFiles/CMakeTmp

Run Build Command(s):/usr/bin/make -f Makefile cmTC_4ad97/fast && /Library/Developer/CommandLineTools/usr/bin/make  -f CMakeFiles/cmTC_4ad97.dir/build.make CMakeFiles/cmTC_4ad97.dir/build
Building C object CMakeFiles/cmTC_4ad97.dir/CMakeCCompilerABI.c.o
/opt/homebrew/Cellar/gcc@12/12.3.0/bin/gcc-12   -arch x86_64 -isysroot /Library/Developer/CommandLineTools/SDKs/MacOSX14.4.sdk   -v -Wl,-v -o CMakeFiles/cmTC_4ad97.dir/CMakeCCompilerABI.c.o -c /Applications/CLion.app/Contents/bin/cmake/mac/share/cmake-3.23/Modules/CMakeCCompilerABI.c
gcc-12: warning: this compiler does not support x86 ('-arch' option ignored)
Using built-in specs.
COLLECT_GCC=/opt/homebrew/Cellar/gcc@12/12.3.0/bin/gcc-12
Target: aarch64-apple-darwin23
Configured with: ../configure --prefix=/opt/homebrew/opt/gcc@12 --libdir=/opt/homebrew/opt/gcc@12/lib/gcc/12 --disable-nls --enable-checking=release --with-gcc-major-version-only --enable-languages=c,c++,objc,obj-c++,fortran --program-suffix=-12 --with-gmp=/opt/homebrew/opt/gmp --with-mpfr=/opt/homebrew/opt/mpfr --with-mpc=/opt/homebrew/opt/libmpc --with-isl=/opt/homebrew/opt/isl --with-zstd=/opt/homebrew/opt/zstd --with-pkgversion='Homebrew GCC 12.3.0' --with-bugurl=https://github.com/Homebrew/homebrew-core/issues --with-system-zlib --build=aarch64-apple-darwin23 --with-sysroot=/Library/Developer/CommandLineTools/SDKs/MacOSX14.sdk --with-ld=/Library/Developer/CommandLineTools/usr/bin/ld-classic
Thread model: posix
Supported LTO compression algorithms: zlib zstd
gcc version 12.3.0 (Homebrew GCC 12.3.0) 
COLLECT_GCC_OPTIONS='-isysroot' '/Library/Developer/CommandLineTools/SDKs/MacOSX14.4.sdk' '-v' '-o' 'CMakeFiles/cmTC_4ad97.dir/CMakeCCompilerABI.c.o' '-c' '-mmacosx-version-min=14.0.0' '-asm_macosx_version_min=14.0' '-nodefaultexport' '-mlittle-endian' '-mabi=lp64' '-dumpdir' 'CMakeFiles/cmTC_4ad97.dir/'
 /opt/homebrew/Cellar/gcc@12/12.3.0/bin/../libexec/gcc/aarch64-apple-darwin23/12/cc1 -quiet -v -iprefix /opt/homebrew/Cellar/gcc@12/12.3.0/bin/../lib/gcc/12/gcc/aarch64-apple-darwin23/12/ -D__DYNAMIC__ -isysroot /Library/Developer/CommandLineTools/SDKs/MacOSX14.4.sdk /Applications/CLion.app/Contents/bin/cmake/mac/share/cmake-3.23/Modules/CMakeCCompilerABI.c -fPIC -quiet -dumpdir CMakeFiles/cmTC_4ad97.dir/ -dumpbase CMakeCCompilerABI.c.c -dumpbase-ext .c -mmacosx-version-min=14.0.0 -mlittle-endian -mabi=lp64 -version -o /var/folders/8w/jk6l63l54pl1wb1_z7cx5wxr0000gn/T//cc9UN6qj.s
GNU C17 (Homebrew GCC 12.3.0) version 12.3.0 (aarch64-apple-darwin23)
	compiled by GNU C version 12.3.0, GMP version 6.2.1, MPFR version 4.2.0-p12, MPC version 1.3.1, isl version isl-0.26-GMP

warning: GMP header version 6.2.1 differs from library version 6.3.0.
warning: MPFR header version 4.2.0-p12 differs from library version 4.2.1.
GGC heuristics: --param ggc-min-expand=100 --param ggc-min-heapsize=131072
ignoring nonexistent directory "/opt/homebrew/Cellar/gcc@12/12.3.0/bin/../lib/gcc/12/gcc/aarch64-apple-darwin23/12/../../../../../../aarch64-apple-darwin23/include"
ignoring duplicate directory "/opt/homebrew/Cellar/gcc@12/12.3.0/bin/../lib/gcc/12/gcc/../../../../lib/gcc/12/gcc/aarch64-apple-darwin23/12/include"
ignoring nonexistent directory "/Library/Developer/CommandLineTools/SDKs/MacOSX14.4.sdk/usr/local/include"
ignoring duplicate directory "/opt/homebrew/Cellar/gcc@12/12.3.0/bin/../lib/gcc/12/gcc/../../../../lib/gcc/12/gcc/aarch64-apple-darwin23/12/include-fixed"
ignoring nonexistent directory "/opt/homebrew/Cellar/gcc@12/12.3.0/bin/../lib/gcc/12/gcc/../../../../lib/gcc/12/gcc/aarch64-apple-darwin23/12/../../../../../../aarch64-apple-darwin23/include"
ignoring nonexistent directory "/Library/Developer/CommandLineTools/SDKs/MacOSX14.4.sdk/Library/Frameworks"
#include "..." search starts here:
#include <...> search starts here:
 /opt/homebrew/Cellar/gcc@12/12.3.0/bin/../lib/gcc/12/gcc/aarch64-apple-darwin23/12/include
 /opt/homebrew/Cellar/gcc@12/12.3.0/bin/../lib/gcc/12/gcc/aarch64-apple-darwin23/12/include-fixed
 /Library/Developer/CommandLineTools/SDKs/MacOSX14.4.sdk/usr/include
 /Library/Developer/CommandLineTools/SDKs/MacOSX14.4.sdk/System/Library/Frameworks
End of search list.
GNU C17 (Homebrew GCC 12.3.0) version 12.3.0 (aarch64-apple-darwin23)
	compiled by GNU C version 12.3.0, GMP version 6.2.1, MPFR version 4.2.0-p12, MPC version 1.3.1, isl version isl-0.26-GMP

warning: GMP header version 6.2.1 differs from library version 6.3.0.
warning: MPFR header version 4.2.0-p12 differs from library version 4.2.1.
GGC heuristics: --param ggc-min-expand=100 --param ggc-min-heapsize=131072
Compiler executable checksum: d6a86c9f108eeef4287b0390a640eb95
COLLECT_GCC_OPTIONS='-isysroot' '/Library/Developer/CommandLineTools/SDKs/MacOSX14.4.sdk' '-v' '-o' 'CMakeFiles/cmTC_4ad97.dir/CMakeCCompilerABI.c.o' '-c' '-mmacosx-version-min=14.0.0'  '-nodefaultexport' '-mlittle-endian' '-mabi=lp64' '-dumpdir' 'CMakeFiles/cmTC_4ad97.dir/'
 as -arch arm64 -v -mmacosx-version-min=14.0 -o CMakeFiles/cmTC_4ad97.dir/CMakeCCompilerABI.c.o /var/folders/8w/jk6l63l54pl1wb1_z7cx5wxr0000gn/T//cc9UN6qj.s
Apple clang version 15.0.0 (clang-1500.3.9.4)
Target: arm64-apple-darwin23.5.0
Thread model: posix
InstalledDir: /Library/Developer/CommandLineTools/usr/bin
 "/Library/Developer/CommandLineTools/usr/bin/clang" -cc1as -triple arm64-apple-macosx14.0.0 -filetype obj -main-file-name cc9UN6qj.s -target-cpu apple-m1 -target-feature +v8.5a -target-feature +crc -target-feature +lse -target-feature +rdm -target-feature +crypto -target-feature +dotprod -target-feature +fp-armv8 -target-feature +neon -target-feature +fp16fml -target-feature +ras -target-feature +rcpc -target-feature +zcm -target-feature +zcz -target-feature +fullfp16 -target-feature +sm4 -target-feature +sha3 -target-feature +sha2 -target-feature +aes -fdebug-compilation-dir=/Users/keyoung/CLionProjects/c-c-code-practice/a-tour-of-cpp-y/01-basics/cmake-build-debug/CMakeFiles/CMakeTmp -dwarf-debug-producer "Apple clang version 15.0.0 (clang-1500.3.9.4)" -dwarf-version=4 -mrelocation-model pic --mrelax-relocations -mllvm -disable-aligned-alloc-awareness=1 -o CMakeFiles/cmTC_4ad97.dir/CMakeCCompilerABI.c.o /var/folders/8w/jk6l63l54pl1wb1_z7cx5wxr0000gn/T//cc9UN6qj.s
COMPILER_PATH=/opt/homebrew/Cellar/gcc@12/12.3.0/bin/../libexec/gcc/aarch64-apple-darwin23/12/:/opt/homebrew/Cellar/gcc@12/12.3.0/bin/../libexec/gcc/
LIBRARY_PATH=/opt/homebrew/Cellar/gcc@12/12.3.0/bin/../lib/gcc/12/gcc/aarch64-apple-darwin23/12/:/opt/homebrew/Cellar/gcc@12/12.3.0/bin/../lib/gcc/12/gcc/:/opt/homebrew/Cellar/gcc@12/12.3.0/bin/../lib/gcc/12/gcc/aarch64-apple-darwin23/12/../../../
COLLECT_GCC_OPTIONS='-isysroot' '/Library/Developer/CommandLineTools/SDKs/MacOSX14.4.sdk' '-v' '-o' 'CMakeFiles/cmTC_4ad97.dir/CMakeCCompilerABI.c.o' '-c' '-mmacosx-version-min=14.0.0'  '-nodefaultexport' '-mlittle-endian' '-mabi=lp64' '-dumpdir' 'CMakeFiles/cmTC_4ad97.dir/CMakeCCompilerABI.c.'
Linking C executable cmTC_4ad97
/Applications/CLion.app/Contents/bin/cmake/mac/bin/cmake -E cmake_link_script CMakeFiles/cmTC_4ad97.dir/link.txt --verbose=1
/opt/homebrew/Cellar/gcc@12/12.3.0/bin/gcc-12  -arch x86_64 -isysroot /Library/Developer/CommandLineTools/SDKs/MacOSX14.4.sdk -Wl,-search_paths_first -Wl,-headerpad_max_install_names  -v -Wl,-v CMakeFiles/cmTC_4ad97.dir/CMakeCCompilerABI.c.o -o cmTC_4ad97 
gcc-12: warning: this compiler does not support x86 ('-arch' option ignored)
Using built-in specs.
COLLECT_GCC=/opt/homebrew/Cellar/gcc@12/12.3.0/bin/gcc-12
COLLECT_LTO_WRAPPER=/opt/homebrew/Cellar/gcc@12/12.3.0/bin/../libexec/gcc/aarch64-apple-darwin23/12/lto-wrapper
Target: aarch64-apple-darwin23
Configured with: ../configure --prefix=/opt/homebrew/opt/gcc@12 --libdir=/opt/homebrew/opt/gcc@12/lib/gcc/12 --disable-nls --enable-checking=release --with-gcc-major-version-only --enable-languages=c,c++,objc,obj-c++,fortran --program-suffix=-12 --with-gmp=/opt/homebrew/opt/gmp --with-mpfr=/opt/homebrew/opt/mpfr --with-mpc=/opt/homebrew/opt/libmpc --with-isl=/opt/homebrew/opt/isl --with-zstd=/opt/homebrew/opt/zstd --with-pkgversion='Homebrew GCC 12.3.0' --with-bugurl=https://github.com/Homebrew/homebrew-core/issues --with-system-zlib --build=aarch64-apple-darwin23 --with-sysroot=/Library/Developer/CommandLineTools/SDKs/MacOSX14.sdk --with-ld=/Library/Developer/CommandLineTools/usr/bin/ld-classic
Thread model: posix
Supported LTO compression algorithms: zlib zstd
gcc version 12.3.0 (Homebrew GCC 12.3.0) 
COMPILER_PATH=/opt/homebrew/Cellar/gcc@12/12.3.0/bin/../libexec/gcc/aarch64-apple-darwin23/12/:/opt/homebrew/Cellar/gcc@12/12.3.0/bin/../libexec/gcc/
LIBRARY_PATH=/opt/homebrew/Cellar/gcc@12/12.3.0/bin/../lib/gcc/12/gcc/aarch64-apple-darwin23/12/:/opt/homebrew/Cellar/gcc@12/12.3.0/bin/../lib/gcc/12/gcc/:/opt/homebrew/Cellar/gcc@12/12.3.0/bin/../lib/gcc/12/gcc/aarch64-apple-darwin23/12/../../../
COLLECT_GCC_OPTIONS='-isysroot' '/Library/Developer/CommandLineTools/SDKs/MacOSX14.4.sdk' '-v' '-o' 'cmTC_4ad97' '-mmacosx-version-min=14.0.0' '-asm_macosx_version_min=14.0' '-nodefaultexport' '-mlittle-endian' '-mabi=lp64' '-dumpdir' 'cmTC_4ad97.'
 /opt/homebrew/Cellar/gcc@12/12.3.0/bin/../libexec/gcc/aarch64-apple-darwin23/12/collect2 -dynamic -arch arm64 -syslibroot /Library/Developer/CommandLineTools/SDKs/MacOSX14.4.sdk -macosx_version_min 14.0.0 -o cmTC_4ad97 -L/opt/homebrew/Cellar/gcc@12/12.3.0/bin/../lib/gcc/12/gcc/aarch64-apple-darwin23/12 -L/opt/homebrew/Cellar/gcc@12/12.3.0/bin/../lib/gcc/12/gcc -L/opt/homebrew/Cellar/gcc@12/12.3.0/bin/../lib/gcc/12/gcc/aarch64-apple-darwin23/12/../../.. -search_paths_first -headerpad_max_install_names -v CMakeFiles/cmTC_4ad97.dir/CMakeCCompilerABI.c.o -lemutls_w -lgcc -lSystem -lgcc -no_compact_unwind -rpath @loader_path -rpath /opt/homebrew/Cellar/gcc@12/12.3.0/lib/gcc/12/gcc/aarch64-apple-darwin23/12 -rpath /opt/homebrew/Cellar/gcc@12/12.3.0/lib/gcc/12/gcc -rpath /opt/homebrew/Cellar/gcc@12/12.3.0/lib/gcc/12
collect2 version 12.3.0
/Library/Developer/CommandLineTools/usr/bin/ld-classic -dynamic -arch arm64 -syslibroot /Library/Developer/CommandLineTools/SDKs/MacOSX14.4.sdk -macosx_version_min 14.0.0 -o cmTC_4ad97 -L/opt/homebrew/Cellar/gcc@12/12.3.0/bin/../lib/gcc/12/gcc/aarch64-apple-darwin23/12 -L/opt/homebrew/Cellar/gcc@12/12.3.0/bin/../lib/gcc/12/gcc -L/opt/homebrew/Cellar/gcc@12/12.3.0/bin/../lib/gcc/12/gcc/aarch64-apple-darwin23/12/../../.. -search_paths_first -headerpad_max_install_names -v CMakeFiles/cmTC_4ad97.dir/CMakeCCompilerABI.c.o -lemutls_w -lgcc -lSystem -lgcc -no_compact_unwind -rpath @loader_path -rpath /opt/homebrew/Cellar/gcc@12/12.3.0/lib/gcc/12/gcc/aarch64-apple-darwin23/12 -rpath /opt/homebrew/Cellar/gcc@12/12.3.0/lib/gcc/12/gcc -rpath /opt/homebrew/Cellar/gcc@12/12.3.0/lib/gcc/12
@(#)PROGRAM:ld-classic  PROJECT:ld64-951.9
BUILD 15:44:42 Feb  3 2024
configured to support archs: armv6 armv7 armv7s arm64 arm64e arm64_32 i386 x86_64 x86_64h armv6m armv7k armv7m armv7em
Library search paths:
	/opt/homebrew/Cellar/gcc@12/12.3.0/lib/gcc/12/gcc/aarch64-apple-darwin23/12
	/opt/homebrew/Cellar/gcc@12/12.3.0/lib/gcc/12/gcc
	/opt/homebrew/Cellar/gcc@12/12.3.0/lib/gcc/12
	/Library/Developer/CommandLineTools/SDKs/MacOSX14.4.sdk/usr/lib
Framework search paths:
	/Library/Developer/CommandLineTools/SDKs/MacOSX14.4.sdk/System/Library/Frameworks/



Parsed C implicit include dir info from above output: rv=done
  found start of include info
  found start of implicit include info
    add: [/opt/homebrew/Cellar/gcc@12/12.3.0/bin/../lib/gcc/12/gcc/aarch64-apple-darwin23/12/include]
    add: [/opt/homebrew/Cellar/gcc@12/12.3.0/bin/../lib/gcc/12/gcc/aarch64-apple-darwin23/12/include-fixed]
    add: [/Library/Developer/CommandLineTools/SDKs/MacOSX14.4.sdk/usr/include]
    add: [/Library/Developer/CommandLineTools/SDKs/MacOSX14.4.sdk/System/Library/Frameworks]
  end of search list found
  collapse include dir [/opt/homebrew/Cellar/gcc@12/12.3.0/bin/../lib/gcc/12/gcc/aarch64-apple-darwin23/12/include] ==> [/opt/homebrew/Cellar/gcc@12/12.3.0/lib/gcc/12/gcc/aarch64-apple-darwin23/12/include]
  collapse include dir [/opt/homebrew/Cellar/gcc@12/12.3.0/bin/../lib/gcc/12/gcc/aarch64-apple-darwin23/12/include-fixed] ==> [/opt/homebrew/Cellar/gcc@12/12.3.0/lib/gcc/12/gcc/aarch64-apple-darwin23/12/include-fixed]
  collapse include dir [/Library/Developer/CommandLineTools/SDKs/MacOSX14.4.sdk/usr/include] ==> [/Library/Developer/CommandLineTools/SDKs/MacOSX14.4.sdk/usr/include]
  collapse include dir [/Library/Developer/CommandLineTools/SDKs/MacOSX14.4.sdk/System/Library/Frameworks] ==> [/Library/Developer/CommandLineTools/SDKs/MacOSX14.4.sdk/System/Library/Frameworks]
  implicit include dirs: [/opt/homebrew/Cellar/gcc@12/12.3.0/lib/gcc/12/gcc/aarch64-apple-darwin23/12/include;/opt/homebrew/Cellar/gcc@12/12.3.0/lib/gcc/12/gcc/aarch64-apple-darwin23/12/include-fixed;/Library/Developer/CommandLineTools/SDKs/MacOSX14.4.sdk/usr/include;/Library/Developer/CommandLineTools/SDKs/MacOSX14.4.sdk/System/Library/Frameworks]


Parsed C implicit link information from above output:
  link line regex: [^( *|.*[/\])(ld|CMAKE_LINK_STARTFILE-NOTFOUND|([^/\]+-)?ld|collect2)[^/\]*( |$)]
  ignore line: [Change Dir: /Users/keyoung/CLionProjects/c-c-code-practice/a-tour-of-cpp-y/01-basics/cmake-build-debug/CMakeFiles/CMakeTmp]
  ignore line: []
  ignore line: [Run Build Command(s):/usr/bin/make -f Makefile cmTC_4ad97/fast && /Library/Developer/CommandLineTools/usr/bin/make  -f CMakeFiles/cmTC_4ad97.dir/build.make CMakeFiles/cmTC_4ad97.dir/build]
  ignore line: [Building C object CMakeFiles/cmTC_4ad97.dir/CMakeCCompilerABI.c.o]
  ignore line: [/opt/homebrew/Cellar/gcc@12/12.3.0/bin/gcc-12   -arch x86_64 -isysroot /Library/Developer/CommandLineTools/SDKs/MacOSX14.4.sdk   -v -Wl -v -o CMakeFiles/cmTC_4ad97.dir/CMakeCCompilerABI.c.o -c /Applications/CLion.app/Contents/bin/cmake/mac/share/cmake-3.23/Modules/CMakeCCompilerABI.c]
  ignore line: [gcc-12: warning: this compiler does not support x86 ('-arch' option ignored)]
  ignore line: [Using built-in specs.]
  ignore line: [COLLECT_GCC=/opt/homebrew/Cellar/gcc@12/12.3.0/bin/gcc-12]
  ignore line: [Target: aarch64-apple-darwin23]
  ignore line: [Configured with: ../configure --prefix=/opt/homebrew/opt/gcc@12 --libdir=/opt/homebrew/opt/gcc@12/lib/gcc/12 --disable-nls --enable-checking=release --with-gcc-major-version-only --enable-languages=c,c++,objc,obj-c++,fortran --program-suffix=-12 --with-gmp=/opt/homebrew/opt/gmp --with-mpfr=/opt/homebrew/opt/mpfr --with-mpc=/opt/homebrew/opt/libmpc --with-isl=/opt/homebrew/opt/isl --with-zstd=/opt/homebrew/opt/zstd --with-pkgversion='Homebrew GCC 12.3.0' --with-bugurl=https://github.com/Homebrew/homebrew-core/issues --with-system-zlib --build=aarch64-apple-darwin23 --with-sysroot=/Library/Developer/CommandLineTools/SDKs/MacOSX14.sdk --with-ld=/Library/Developer/CommandLineTools/usr/bin/ld-classic]
  ignore line: [Thread model: posix]
  ignore line: [Supported LTO compression algorithms: zlib zstd]
  ignore line: [gcc version 12.3.0 (Homebrew GCC 12.3.0) ]
  ignore line: [COLLECT_GCC_OPTIONS='-isysroot' '/Library/Developer/CommandLineTools/SDKs/MacOSX14.4.sdk' '-v' '-o' 'CMakeFiles/cmTC_4ad97.dir/CMakeCCompilerABI.c.o' '-c' '-mmacosx-version-min=14.0.0' '-asm_macosx_version_min=14.0' '-nodefaultexport' '-mlittle-endian' '-mabi=lp64' '-dumpdir' 'CMakeFiles/cmTC_4ad97.dir/']
  ignore line: [ /opt/homebrew/Cellar/gcc@12/12.3.0/bin/../libexec/gcc/aarch64-apple-darwin23/12/cc1 -quiet -v -iprefix /opt/homebrew/Cellar/gcc@12/12.3.0/bin/../lib/gcc/12/gcc/aarch64-apple-darwin23/12/ -D__DYNAMIC__ -isysroot /Library/Developer/CommandLineTools/SDKs/MacOSX14.4.sdk /Applications/CLion.app/Contents/bin/cmake/mac/share/cmake-3.23/Modules/CMakeCCompilerABI.c -fPIC -quiet -dumpdir CMakeFiles/cmTC_4ad97.dir/ -dumpbase CMakeCCompilerABI.c.c -dumpbase-ext .c -mmacosx-version-min=14.0.0 -mlittle-endian -mabi=lp64 -version -o /var/folders/8w/jk6l63l54pl1wb1_z7cx5wxr0000gn/T//cc9UN6qj.s]
  ignore line: [GNU C17 (Homebrew GCC 12.3.0) version 12.3.0 (aarch64-apple-darwin23)]
  ignore line: [	compiled by GNU C version 12.3.0  GMP version 6.2.1  MPFR version 4.2.0-p12  MPC version 1.3.1  isl version isl-0.26-GMP]
  ignore line: []
  ignore line: [warning: GMP header version 6.2.1 differs from library version 6.3.0.]
  ignore line: [warning: MPFR header version 4.2.0-p12 differs from library version 4.2.1.]
  ignore line: [GGC heuristics: --param ggc-min-expand=100 --param ggc-min-heapsize=131072]
  ignore line: [ignoring nonexistent directory "/opt/homebrew/Cellar/gcc@12/12.3.0/bin/../lib/gcc/12/gcc/aarch64-apple-darwin23/12/../../../../../../aarch64-apple-darwin23/include"]
  ignore line: [ignoring duplicate directory "/opt/homebrew/Cellar/gcc@12/12.3.0/bin/../lib/gcc/12/gcc/../../../../lib/gcc/12/gcc/aarch64-apple-darwin23/12/include"]
  ignore line: [ignoring nonexistent directory "/Library/Developer/CommandLineTools/SDKs/MacOSX14.4.sdk/usr/local/include"]
  ignore line: [ignoring duplicate directory "/opt/homebrew/Cellar/gcc@12/12.3.0/bin/../lib/gcc/12/gcc/../../../../lib/gcc/12/gcc/aarch64-apple-darwin23/12/include-fixed"]
  ignore line: [ignoring nonexistent directory "/opt/homebrew/Cellar/gcc@12/12.3.0/bin/../lib/gcc/12/gcc/../../../../lib/gcc/12/gcc/aarch64-apple-darwin23/12/../../../../../../aarch64-apple-darwin23/include"]
  ignore line: [ignoring nonexistent directory "/Library/Developer/CommandLineTools/SDKs/MacOSX14.4.sdk/Library/Frameworks"]
  ignore line: [#include "..." search starts here:]
  ignore line: [#include <...> search starts here:]
  ignore line: [ /opt/homebrew/Cellar/gcc@12/12.3.0/bin/../lib/gcc/12/gcc/aarch64-apple-darwin23/12/include]
  ignore line: [ /opt/homebrew/Cellar/gcc@12/12.3.0/bin/../lib/gcc/12/gcc/aarch64-apple-darwin23/12/include-fixed]
  ignore line: [ /Library/Developer/CommandLineTools/SDKs/MacOSX14.4.sdk/usr/include]
  ignore line: [ /Library/Developer/CommandLineTools/SDKs/MacOSX14.4.sdk/System/Library/Frameworks]
  ignore line: [End of search list.]
  ignore line: [GNU C17 (Homebrew GCC 12.3.0) version 12.3.0 (aarch64-apple-darwin23)]
  ignore line: [	compiled by GNU C version 12.3.0  GMP version 6.2.1  MPFR version 4.2.0-p12  MPC version 1.3.1  isl version isl-0.26-GMP]
  ignore line: []
  ignore line: [warning: GMP header version 6.2.1 differs from library version 6.3.0.]
  ignore line: [warning: MPFR header version 4.2.0-p12 differs from library version 4.2.1.]
  ignore line: [GGC heuristics: --param ggc-min-expand=100 --param ggc-min-heapsize=131072]
  ignore line: [Compiler executable checksum: d6a86c9f108eeef4287b0390a640eb95]
  ignore line: [COLLECT_GCC_OPTIONS='-isysroot' '/Library/Developer/CommandLineTools/SDKs/MacOSX14.4.sdk' '-v' '-o' 'CMakeFiles/cmTC_4ad97.dir/CMakeCCompilerABI.c.o' '-c' '-mmacosx-version-min=14.0.0'  '-nodefaultexport' '-mlittle-endian' '-mabi=lp64' '-dumpdir' 'CMakeFiles/cmTC_4ad97.dir/']
  ignore line: [ as -arch arm64 -v -mmacosx-version-min=14.0 -o CMakeFiles/cmTC_4ad97.dir/CMakeCCompilerABI.c.o /var/folders/8w/jk6l63l54pl1wb1_z7cx5wxr0000gn/T//cc9UN6qj.s]
  ignore line: [Apple clang version 15.0.0 (clang-1500.3.9.4)]
  ignore line: [Target: arm64-apple-darwin23.5.0]
  ignore line: [Thread model: posix]
  ignore line: [InstalledDir: /Library/Developer/CommandLineTools/usr/bin]
  ignore line: [ "/Library/Developer/CommandLineTools/usr/bin/clang" -cc1as -triple arm64-apple-macosx14.0.0 -filetype obj -main-file-name cc9UN6qj.s -target-cpu apple-m1 -target-feature +v8.5a -target-feature +crc -target-feature +lse -target-feature +rdm -target-feature +crypto -target-feature +dotprod -target-feature +fp-armv8 -target-feature +neon -target-feature +fp16fml -target-feature +ras -target-feature +rcpc -target-feature +zcm -target-feature +zcz -target-feature +fullfp16 -target-feature +sm4 -target-feature +sha3 -target-feature +sha2 -target-feature +aes -fdebug-compilation-dir=/Users/keyoung/CLionProjects/c-c-code-practice/a-tour-of-cpp-y/01-basics/cmake-build-debug/CMakeFiles/CMakeTmp -dwarf-debug-producer "Apple clang version 15.0.0 (clang-1500.3.9.4)" -dwarf-version=4 -mrelocation-model pic --mrelax-relocations -mllvm -disable-aligned-alloc-awareness=1 -o CMakeFiles/cmTC_4ad97.dir/CMakeCCompilerABI.c.o /var/folders/8w/jk6l63l54pl1wb1_z7cx5wxr0000gn/T//cc9UN6qj.s]
  ignore line: [COMPILER_PATH=/opt/homebrew/Cellar/gcc@12/12.3.0/bin/../libexec/gcc/aarch64-apple-darwin23/12/:/opt/homebrew/Cellar/gcc@12/12.3.0/bin/../libexec/gcc/]
  ignore line: [LIBRARY_PATH=/opt/homebrew/Cellar/gcc@12/12.3.0/bin/../lib/gcc/12/gcc/aarch64-apple-darwin23/12/:/opt/homebrew/Cellar/gcc@12/12.3.0/bin/../lib/gcc/12/gcc/:/opt/homebrew/Cellar/gcc@12/12.3.0/bin/../lib/gcc/12/gcc/aarch64-apple-darwin23/12/../../../]
  ignore line: [COLLECT_GCC_OPTIONS='-isysroot' '/Library/Developer/CommandLineTools/SDKs/MacOSX14.4.sdk' '-v' '-o' 'CMakeFiles/cmTC_4ad97.dir/CMakeCCompilerABI.c.o' '-c' '-mmacosx-version-min=14.0.0'  '-nodefaultexport' '-mlittle-endian' '-mabi=lp64' '-dumpdir' 'CMakeFiles/cmTC_4ad97.dir/CMakeCCompilerABI.c.']
  ignore line: [Linking C executable cmTC_4ad97]
  ignore line: [/Applications/CLion.app/Contents/bin/cmake/mac/bin/cmake -E cmake_link_script CMakeFiles/cmTC_4ad97.dir/link.txt --verbose=1]
  ignore line: [/opt/homebrew/Cellar/gcc@12/12.3.0/bin/gcc-12  -arch x86_64 -isysroot /Library/Developer/CommandLineTools/SDKs/MacOSX14.4.sdk -Wl -search_paths_first -Wl -headerpad_max_install_names  -v -Wl -v CMakeFiles/cmTC_4ad97.dir/CMakeCCompilerABI.c.o -o cmTC_4ad97 ]
  ignore line: [gcc-12: warning: this compiler does not support x86 ('-arch' option ignored)]
  ignore line: [Using built-in specs.]
  ignore line: [COLLECT_GCC=/opt/homebrew/Cellar/gcc@12/12.3.0/bin/gcc-12]
  ignore line: [COLLECT_LTO_WRAPPER=/opt/homebrew/Cellar/gcc@12/12.3.0/bin/../libexec/gcc/aarch64-apple-darwin23/12/lto-wrapper]
  ignore line: [Target: aarch64-apple-darwin23]
  ignore line: [Configured with: ../configure --prefix=/opt/homebrew/opt/gcc@12 --libdir=/opt/homebrew/opt/gcc@12/lib/gcc/12 --disable-nls --enable-checking=release --with-gcc-major-version-only --enable-languages=c,c++,objc,obj-c++,fortran --program-suffix=-12 --with-gmp=/opt/homebrew/opt/gmp --with-mpfr=/opt/homebrew/opt/mpfr --with-mpc=/opt/homebrew/opt/libmpc --with-isl=/opt/homebrew/opt/isl --with-zstd=/opt/homebrew/opt/zstd --with-pkgversion='Homebrew GCC 12.3.0' --with-bugurl=https://github.com/Homebrew/homebrew-core/issues --with-system-zlib --build=aarch64-apple-darwin23 --with-sysroot=/Library/Developer/CommandLineTools/SDKs/MacOSX14.sdk --with-ld=/Library/Developer/CommandLineTools/usr/bin/ld-classic]
  ignore line: [Thread model: posix]
  ignore line: [Supported LTO compression algorithms: zlib zstd]
  ignore line: [gcc version 12.3.0 (Homebrew GCC 12.3.0) ]
  ignore line: [COMPILER_PATH=/opt/homebrew/Cellar/gcc@12/12.3.0/bin/../libexec/gcc/aarch64-apple-darwin23/12/:/opt/homebrew/Cellar/gcc@12/12.3.0/bin/../libexec/gcc/]
  ignore line: [LIBRARY_PATH=/opt/homebrew/Cellar/gcc@12/12.3.0/bin/../lib/gcc/12/gcc/aarch64-apple-darwin23/12/:/opt/homebrew/Cellar/gcc@12/12.3.0/bin/../lib/gcc/12/gcc/:/opt/homebrew/Cellar/gcc@12/12.3.0/bin/../lib/gcc/12/gcc/aarch64-apple-darwin23/12/../../../]
  ignore line: [COLLECT_GCC_OPTIONS='-isysroot' '/Library/Developer/CommandLineTools/SDKs/MacOSX14.4.sdk' '-v' '-o' 'cmTC_4ad97' '-mmacosx-version-min=14.0.0' '-asm_macosx_version_min=14.0' '-nodefaultexport' '-mlittle-endian' '-mabi=lp64' '-dumpdir' 'cmTC_4ad97.']
  link line: [ /opt/homebrew/Cellar/gcc@12/12.3.0/bin/../libexec/gcc/aarch64-apple-darwin23/12/collect2 -dynamic -arch arm64 -syslibroot /Library/Developer/CommandLineTools/SDKs/MacOSX14.4.sdk -macosx_version_min 14.0.0 -o cmTC_4ad97 -L/opt/homebrew/Cellar/gcc@12/12.3.0/bin/../lib/gcc/12/gcc/aarch64-apple-darwin23/12 -L/opt/homebrew/Cellar/gcc@12/12.3.0/bin/../lib/gcc/12/gcc -L/opt/homebrew/Cellar/gcc@12/12.3.0/bin/../lib/gcc/12/gcc/aarch64-apple-darwin23/12/../../.. -search_paths_first -headerpad_max_install_names -v CMakeFiles/cmTC_4ad97.dir/CMakeCCompilerABI.c.o -lemutls_w -lgcc -lSystem -lgcc -no_compact_unwind -rpath @loader_path -rpath /opt/homebrew/Cellar/gcc@12/12.3.0/lib/gcc/12/gcc/aarch64-apple-darwin23/12 -rpath /opt/homebrew/Cellar/gcc@12/12.3.0/lib/gcc/12/gcc -rpath /opt/homebrew/Cellar/gcc@12/12.3.0/lib/gcc/12]
    arg [/opt/homebrew/Cellar/gcc@12/12.3.0/bin/../libexec/gcc/aarch64-apple-darwin23/12/collect2] ==> ignore
    arg [-dynamic] ==> ignore
    arg [-arch] ==> ignore
    arg [arm64] ==> ignore
    arg [-syslibroot] ==> ignore
    arg [/Library/Developer/CommandLineTools/SDKs/MacOSX14.4.sdk] ==> ignore
    arg [-macosx_version_min] ==> ignore
    arg [14.0.0] ==> ignore
    arg [-o] ==> ignore
    arg [cmTC_4ad97] ==> ignore
    arg [-L/opt/homebrew/Cellar/gcc@12/12.3.0/bin/../lib/gcc/12/gcc/aarch64-apple-darwin23/12] ==> dir [/opt/homebrew/Cellar/gcc@12/12.3.0/bin/../lib/gcc/12/gcc/aarch64-apple-darwin23/12]
    arg [-L/opt/homebrew/Cellar/gcc@12/12.3.0/bin/../lib/gcc/12/gcc] ==> dir [/opt/homebrew/Cellar/gcc@12/12.3.0/bin/../lib/gcc/12/gcc]
    arg [-L/opt/homebrew/Cellar/gcc@12/12.3.0/bin/../lib/gcc/12/gcc/aarch64-apple-darwin23/12/../../..] ==> dir [/opt/homebrew/Cellar/gcc@12/12.3.0/bin/../lib/gcc/12/gcc/aarch64-apple-darwin23/12/../../..]
    arg [-search_paths_first] ==> ignore
    arg [-headerpad_max_install_names] ==> ignore
    arg [-v] ==> ignore
    arg [CMakeFiles/cmTC_4ad97.dir/CMakeCCompilerABI.c.o] ==> ignore
    arg [-lemutls_w] ==> lib [emutls_w]
    arg [-lgcc] ==> lib [gcc]
    arg [-lSystem] ==> lib [System]
    arg [-lgcc] ==> lib [gcc]
    arg [-no_compact_unwind] ==> ignore
    arg [-rpath] ==> ignore
    arg [@loader_path] ==> ignore
    arg [-rpath] ==> ignore
    arg [/opt/homebrew/Cellar/gcc@12/12.3.0/lib/gcc/12/gcc/aarch64-apple-darwin23/12] ==> ignore
    arg [-rpath] ==> ignore
    arg [/opt/homebrew/Cellar/gcc@12/12.3.0/lib/gcc/12/gcc] ==> ignore
    arg [-rpath] ==> ignore
    arg [/opt/homebrew/Cellar/gcc@12/12.3.0/lib/gcc/12] ==> ignore
  Library search paths: [;/opt/homebrew/Cellar/gcc@12/12.3.0/lib/gcc/12/gcc/aarch64-apple-darwin23/12;/opt/homebrew/Cellar/gcc@12/12.3.0/lib/gcc/12/gcc;/opt/homebrew/Cellar/gcc@12/12.3.0/lib/gcc/12;/Library/Developer/CommandLineTools/SDKs/MacOSX14.4.sdk/usr/lib]
  Framework search paths: [;/Library/Developer/CommandLineTools/SDKs/MacOSX14.4.sdk/System/Library/Frameworks/]
  remove lib [System]
  collapse library dir [/opt/homebrew/Cellar/gcc@12/12.3.0/bin/../lib/gcc/12/gcc/aarch64-apple-darwin23/12] ==> [/opt/homebrew/Cellar/gcc@12/12.3.0/lib/gcc/12/gcc/aarch64-apple-darwin23/12]
  collapse library dir [/opt/homebrew/Cellar/gcc@12/12.3.0/bin/../lib/gcc/12/gcc] ==> [/opt/homebrew/Cellar/gcc@12/12.3.0/lib/gcc/12/gcc]
  collapse library dir [/opt/homebrew/Cellar/gcc@12/12.3.0/bin/../lib/gcc/12/gcc/aarch64-apple-darwin23/12/../../..] ==> [/opt/homebrew/Cellar/gcc@12/12.3.0/lib/gcc/12]
  collapse library dir [/opt/homebrew/Cellar/gcc@12/12.3.0/lib/gcc/12/gcc/aarch64-apple-darwin23/12] ==> [/opt/homebrew/Cellar/gcc@12/12.3.0/lib/gcc/12/gcc/aarch64-apple-darwin23/12]
  collapse library dir [/opt/homebrew/Cellar/gcc@12/12.3.0/lib/gcc/12/gcc] ==> [/opt/homebrew/Cellar/gcc@12/12.3.0/lib/gcc/12/gcc]
  collapse library dir [/opt/homebrew/Cellar/gcc@12/12.3.0/lib/gcc/12] ==> [/opt/homebrew/Cellar/gcc@12/12.3.0/lib/gcc/12]
  collapse library dir [/Library/Developer/CommandLineTools/SDKs/MacOSX14.4.sdk/usr/lib] ==> [/Library/Developer/CommandLineTools/SDKs/MacOSX14.4.sdk/usr/lib]
  collapse framework dir [/Library/Developer/CommandLineTools/SDKs/MacOSX14.4.sdk/System/Library/Frameworks/] ==> [/Library/Developer/CommandLineTools/SDKs/MacOSX14.4.sdk/System/Library/Frameworks]
  implicit libs: [emutls_w;gcc;gcc]
  implicit objs: []
  implicit dirs: [/opt/homebrew/Cellar/gcc@12/12.3.0/lib/gcc/12/gcc/aarch64-apple-darwin23/12;/opt/homebrew/Cellar/gcc@12/12.3.0/lib/gcc/12/gcc;/opt/homebrew/Cellar/gcc@12/12.3.0/lib/gcc/12;/Library/Developer/CommandLineTools/SDKs/MacOSX14.4.sdk/usr/lib]
  implicit fwks: [/Library/Developer/CommandLineTools/SDKs/MacOSX14.4.sdk/System/Library/Frameworks]


Detecting CXX compiler ABI info compiled with the following output:
Change Dir: /Users/keyoung/CLionProjects/c-c-code-practice/a-tour-of-cpp-y/01-basics/cmake-build-debug/CMakeFiles/CMakeTmp

Run Build Command(s):/usr/bin/make -f Makefile cmTC_7a9b2/fast && /Library/Developer/CommandLineTools/usr/bin/make  -f CMakeFiles/cmTC_7a9b2.dir/build.make CMakeFiles/cmTC_7a9b2.dir/build
Building CXX object CMakeFiles/cmTC_7a9b2.dir/CMakeCXXCompilerABI.cpp.o
/opt/homebrew/Cellar/gcc@12/12.3.0/bin/g++-12   -arch x86_64 -isysroot /Library/Developer/CommandLineTools/SDKs/MacOSX14.4.sdk   -v -Wl,-v -o CMakeFiles/cmTC_7a9b2.dir/CMakeCXXCompilerABI.cpp.o -c /Applications/CLion.app/Contents/bin/cmake/mac/share/cmake-3.23/Modules/CMakeCXXCompilerABI.cpp
g++-12: warning: this compiler does not support x86 ('-arch' option ignored)
Using built-in specs.
COLLECT_GCC=/opt/homebrew/Cellar/gcc@12/12.3.0/bin/g++-12
Target: aarch64-apple-darwin23
Configured with: ../configure --prefix=/opt/homebrew/opt/gcc@12 --libdir=/opt/homebrew/opt/gcc@12/lib/gcc/12 --disable-nls --enable-checking=release --with-gcc-major-version-only --enable-languages=c,c++,objc,obj-c++,fortran --program-suffix=-12 --with-gmp=/opt/homebrew/opt/gmp --with-mpfr=/opt/homebrew/opt/mpfr --with-mpc=/opt/homebrew/opt/libmpc --with-isl=/opt/homebrew/opt/isl --with-zstd=/opt/homebrew/opt/zstd --with-pkgversion='Homebrew GCC 12.3.0' --with-bugurl=https://github.com/Homebrew/homebrew-core/issues --with-system-zlib --build=aarch64-apple-darwin23 --with-sysroot=/Library/Developer/CommandLineTools/SDKs/MacOSX14.sdk --with-ld=/Library/Developer/CommandLineTools/usr/bin/ld-classic
Thread model: posix
Supported LTO compression algorithms: zlib zstd
gcc version 12.3.0 (Homebrew GCC 12.3.0) 
COLLECT_GCC_OPTIONS='-isysroot' '/Library/Developer/CommandLineTools/SDKs/MacOSX14.4.sdk' '-v' '-o' 'CMakeFiles/cmTC_7a9b2.dir/CMakeCXXCompilerABI.cpp.o' '-c' '-mmacosx-version-min=14.0.0' '-asm_macosx_version_min=14.0' '-nodefaultexport' '-mlittle-endian' '-mabi=lp64' '-dumpdir' 'CMakeFiles/cmTC_7a9b2.dir/'
 /opt/homebrew/Cellar/gcc@12/12.3.0/bin/../libexec/gcc/aarch64-apple-darwin23/12/cc1plus -quiet -v -iprefix /opt/homebrew/Cellar/gcc@12/12.3.0/bin/../lib/gcc/12/gcc/aarch64-apple-darwin23/12/ -D__DYNAMIC__ -isysroot /Library/Developer/CommandLineTools/SDKs/MacOSX14.4.sdk /Applications/CLion.app/Contents/bin/cmake/mac/share/cmake-3.23/Modules/CMakeCXXCompilerABI.cpp -fPIC -quiet -dumpdir CMakeFiles/cmTC_7a9b2.dir/ -dumpbase CMakeCXXCompilerABI.cpp.cpp -dumpbase-ext .cpp -mmacosx-version-min=14.0.0 -mlittle-endian -mabi=lp64 -version -o /var/folders/8w/jk6l63l54pl1wb1_z7cx5wxr0000gn/T//ccufV14y.s
GNU C++17 (Homebrew GCC 12.3.0) version 12.3.0 (aarch64-apple-darwin23)
	compiled by GNU C version 12.3.0, GMP version 6.2.1, MPFR version 4.2.0-p12, MPC version 1.3.1, isl version isl-0.26-GMP

warning: GMP header version 6.2.1 differs from library version 6.3.0.
warning: MPFR header version 4.2.0-p12 differs from library version 4.2.1.
GGC heuristics: --param ggc-min-expand=100 --param ggc-min-heapsize=131072
ignoring nonexistent directory "/opt/homebrew/Cellar/gcc@12/12.3.0/bin/../lib/gcc/12/gcc/aarch64-apple-darwin23/12/../../../../../../aarch64-apple-darwin23/include"
ignoring duplicate directory "/opt/homebrew/Cellar/gcc@12/12.3.0/bin/../lib/gcc/12/gcc/../../../../lib/gcc/12/gcc/aarch64-apple-darwin23/12/../../../../../../include/c++/12"
ignoring duplicate directory "/opt/homebrew/Cellar/gcc@12/12.3.0/bin/../lib/gcc/12/gcc/../../../../lib/gcc/12/gcc/aarch64-apple-darwin23/12/../../../../../../include/c++/12/aarch64-apple-darwin23"
ignoring duplicate directory "/opt/homebrew/Cellar/gcc@12/12.3.0/bin/../lib/gcc/12/gcc/../../../../lib/gcc/12/gcc/aarch64-apple-darwin23/12/../../../../../../include/c++/12/backward"
ignoring duplicate directory "/opt/homebrew/Cellar/gcc@12/12.3.0/bin/../lib/gcc/12/gcc/../../../../lib/gcc/12/gcc/aarch64-apple-darwin23/12/include"
ignoring nonexistent directory "/Library/Developer/CommandLineTools/SDKs/MacOSX14.4.sdk/usr/local/include"
ignoring duplicate directory "/opt/homebrew/Cellar/gcc@12/12.3.0/bin/../lib/gcc/12/gcc/../../../../lib/gcc/12/gcc/aarch64-apple-darwin23/12/include-fixed"
ignoring nonexistent directory "/opt/homebrew/Cellar/gcc@12/12.3.0/bin/../lib/gcc/12/gcc/../../../../lib/gcc/12/gcc/aarch64-apple-darwin23/12/../../../../../../aarch64-apple-darwin23/include"
ignoring nonexistent directory "/Library/Developer/CommandLineTools/SDKs/MacOSX14.4.sdk/Library/Frameworks"
#include "..." search starts here:
#include <...> search starts here:
 /opt/homebrew/Cellar/gcc@12/12.3.0/bin/../lib/gcc/12/gcc/aarch64-apple-darwin23/12/../../../../../../include/c++/12
 /opt/homebrew/Cellar/gcc@12/12.3.0/bin/../lib/gcc/12/gcc/aarch64-apple-darwin23/12/../../../../../../include/c++/12/aarch64-apple-darwin23
 /opt/homebrew/Cellar/gcc@12/12.3.0/bin/../lib/gcc/12/gcc/aarch64-apple-darwin23/12/../../../../../../include/c++/12/backward
 /opt/homebrew/Cellar/gcc@12/12.3.0/bin/../lib/gcc/12/gcc/aarch64-apple-darwin23/12/include
 /opt/homebrew/Cellar/gcc@12/12.3.0/bin/../lib/gcc/12/gcc/aarch64-apple-darwin23/12/include-fixed
 /Library/Developer/CommandLineTools/SDKs/MacOSX14.4.sdk/usr/include
 /Library/Developer/CommandLineTools/SDKs/MacOSX14.4.sdk/System/Library/Frameworks
End of search list.
GNU C++17 (Homebrew GCC 12.3.0) version 12.3.0 (aarch64-apple-darwin23)
	compiled by GNU C version 12.3.0, GMP version 6.2.1, MPFR version 4.2.0-p12, MPC version 1.3.1, isl version isl-0.26-GMP

warning: GMP header version 6.2.1 differs from library version 6.3.0.
warning: MPFR header version 4.2.0-p12 differs from library version 4.2.1.
GGC heuristics: --param ggc-min-expand=100 --param ggc-min-heapsize=131072
Compiler executable checksum: a40ffe73cf27d8cfefa006637ea9a7d9
COLLECT_GCC_OPTIONS='-isysroot' '/Library/Developer/CommandLineTools/SDKs/MacOSX14.4.sdk' '-v' '-o' 'CMakeFiles/cmTC_7a9b2.dir/CMakeCXXCompilerABI.cpp.o' '-c' '-mmacosx-version-min=14.0.0'  '-nodefaultexport' '-mlittle-endian' '-mabi=lp64' '-dumpdir' 'CMakeFiles/cmTC_7a9b2.dir/'
 as -arch arm64 -v -mmacosx-version-min=14.0 -o CMakeFiles/cmTC_7a9b2.dir/CMakeCXXCompilerABI.cpp.o /var/folders/8w/jk6l63l54pl1wb1_z7cx5wxr0000gn/T//ccufV14y.s
Apple clang version 15.0.0 (clang-1500.3.9.4)
Target: arm64-apple-darwin23.5.0
Thread model: posix
InstalledDir: /Library/Developer/CommandLineTools/usr/bin
 "/Library/Developer/CommandLineTools/usr/bin/clang" -cc1as -triple arm64-apple-macosx14.0.0 -filetype obj -main-file-name ccufV14y.s -target-cpu apple-m1 -target-feature +v8.5a -target-feature +crc -target-feature +lse -target-feature +rdm -target-feature +crypto -target-feature +dotprod -target-feature +fp-armv8 -target-feature +neon -target-feature +fp16fml -target-feature +ras -target-feature +rcpc -target-feature +zcm -target-feature +zcz -target-feature +fullfp16 -target-feature +sm4 -target-feature +sha3 -target-feature +sha2 -target-feature +aes -fdebug-compilation-dir=/Users/keyoung/CLionProjects/c-c-code-practice/a-tour-of-cpp-y/01-basics/cmake-build-debug/CMakeFiles/CMakeTmp -dwarf-debug-producer "Apple clang version 15.0.0 (clang-1500.3.9.4)" -dwarf-version=4 -mrelocation-model pic --mrelax-relocations -mllvm -disable-aligned-alloc-awareness=1 -o CMakeFiles/cmTC_7a9b2.dir/CMakeCXXCompilerABI.cpp.o /var/folders/8w/jk6l63l54pl1wb1_z7cx5wxr0000gn/T//ccufV14y.s
COMPILER_PATH=/opt/homebrew/Cellar/gcc@12/12.3.0/bin/../libexec/gcc/aarch64-apple-darwin23/12/:/opt/homebrew/Cellar/gcc@12/12.3.0/bin/../libexec/gcc/
LIBRARY_PATH=/opt/homebrew/Cellar/gcc@12/12.3.0/bin/../lib/gcc/12/gcc/aarch64-apple-darwin23/12/:/opt/homebrew/Cellar/gcc@12/12.3.0/bin/../lib/gcc/12/gcc/:/opt/homebrew/Cellar/gcc@12/12.3.0/bin/../lib/gcc/12/gcc/aarch64-apple-darwin23/12/../../../
COLLECT_GCC_OPTIONS='-isysroot' '/Library/Developer/CommandLineTools/SDKs/MacOSX14.4.sdk' '-v' '-o' 'CMakeFiles/cmTC_7a9b2.dir/CMakeCXXCompilerABI.cpp.o' '-c' '-mmacosx-version-min=14.0.0'  '-nodefaultexport' '-mlittle-endian' '-mabi=lp64' '-dumpdir' 'CMakeFiles/cmTC_7a9b2.dir/CMakeCXXCompilerABI.cpp.'
Linking CXX executable cmTC_7a9b2
/Applications/CLion.app/Contents/bin/cmake/mac/bin/cmake -E cmake_link_script CMakeFiles/cmTC_7a9b2.dir/link.txt --verbose=1
/opt/homebrew/Cellar/gcc@12/12.3.0/bin/g++-12  -arch x86_64 -isysroot /Library/Developer/CommandLineTools/SDKs/MacOSX14.4.sdk -Wl,-search_paths_first -Wl,-headerpad_max_install_names  -v -Wl,-v CMakeFiles/cmTC_7a9b2.dir/CMakeCXXCompilerABI.cpp.o -o cmTC_7a9b2 
g++-12: warning: this compiler does not support x86 ('-arch' option ignored)
Using built-in specs.
COLLECT_GCC=/opt/homebrew/Cellar/gcc@12/12.3.0/bin/g++-12
COLLECT_LTO_WRAPPER=/opt/homebrew/Cellar/gcc@12/12.3.0/bin/../libexec/gcc/aarch64-apple-darwin23/12/lto-wrapper
Target: aarch64-apple-darwin23
Configured with: ../configure --prefix=/opt/homebrew/opt/gcc@12 --libdir=/opt/homebrew/opt/gcc@12/lib/gcc/12 --disable-nls --enable-checking=release --with-gcc-major-version-only --enable-languages=c,c++,objc,obj-c++,fortran --program-suffix=-12 --with-gmp=/opt/homebrew/opt/gmp --with-mpfr=/opt/homebrew/opt/mpfr --with-mpc=/opt/homebrew/opt/libmpc --with-isl=/opt/homebrew/opt/isl --with-zstd=/opt/homebrew/opt/zstd --with-pkgversion='Homebrew GCC 12.3.0' --with-bugurl=https://github.com/Homebrew/homebrew-core/issues --with-system-zlib --build=aarch64-apple-darwin23 --with-sysroot=/Library/Developer/CommandLineTools/SDKs/MacOSX14.sdk --with-ld=/Library/Developer/CommandLineTools/usr/bin/ld-classic
Thread model: posix
Supported LTO compression algorithms: zlib zstd
gcc version 12.3.0 (Homebrew GCC 12.3.0) 
COMPILER_PATH=/opt/homebrew/Cellar/gcc@12/12.3.0/bin/../libexec/gcc/aarch64-apple-darwin23/12/:/opt/homebrew/Cellar/gcc@12/12.3.0/bin/../libexec/gcc/
LIBRARY_PATH=/opt/homebrew/Cellar/gcc@12/12.3.0/bin/../lib/gcc/12/gcc/aarch64-apple-darwin23/12/:/opt/homebrew/Cellar/gcc@12/12.3.0/bin/../lib/gcc/12/gcc/:/opt/homebrew/Cellar/gcc@12/12.3.0/bin/../lib/gcc/12/gcc/aarch64-apple-darwin23/12/../../../
COLLECT_GCC_OPTIONS='-isysroot' '/Library/Developer/CommandLineTools/SDKs/MacOSX14.4.sdk' '-v' '-o' 'cmTC_7a9b2' '-mmacosx-version-min=14.0.0' '-asm_macosx_version_min=14.0' '-nodefaultexport' '-mlittle-endian' '-mabi=lp64' '-dumpdir' 'cmTC_7a9b2.'
 /opt/homebrew/Cellar/gcc@12/12.3.0/bin/../libexec/gcc/aarch64-apple-darwin23/12/collect2 -dynamic -arch arm64 -syslibroot /Library/Developer/CommandLineTools/SDKs/MacOSX14.4.sdk -macosx_version_min 14.0.0 -o cmTC_7a9b2 -L/opt/homebrew/Cellar/gcc@12/12.3.0/bin/../lib/gcc/12/gcc/aarch64-apple-darwin23/12 -L/opt/homebrew/Cellar/gcc@12/12.3.0/bin/../lib/gcc/12/gcc -L/opt/homebrew/Cellar/gcc@12/12.3.0/bin/../lib/gcc/12/gcc/aarch64-apple-darwin23/12/../../.. -search_paths_first -headerpad_max_install_names -v CMakeFiles/cmTC_7a9b2.dir/CMakeCXXCompilerABI.cpp.o -lstdc++ -lemutls_w -lgcc -lSystem -lgcc -no_compact_unwind -rpath @loader_path -rpath /opt/homebrew/Cellar/gcc@12/12.3.0/lib/gcc/12/gcc/aarch64-apple-darwin23/12 -rpath /opt/homebrew/Cellar/gcc@12/12.3.0/lib/gcc/12/gcc -rpath /opt/homebrew/Cellar/gcc@12/12.3.0/lib/gcc/12
collect2 version 12.3.0
/Library/Developer/CommandLineTools/usr/bin/ld-classic -dynamic -arch arm64 -syslibroot /Library/Developer/CommandLineTools/SDKs/MacOSX14.4.sdk -macosx_version_min 14.0.0 -o cmTC_7a9b2 -L/opt/homebrew/Cellar/gcc@12/12.3.0/bin/../lib/gcc/12/gcc/aarch64-apple-darwin23/12 -L/opt/homebrew/Cellar/gcc@12/12.3.0/bin/../lib/gcc/12/gcc -L/opt/homebrew/Cellar/gcc@12/12.3.0/bin/../lib/gcc/12/gcc/aarch64-apple-darwin23/12/../../.. -search_paths_first -headerpad_max_install_names -v CMakeFiles/cmTC_7a9b2.dir/CMakeCXXCompilerABI.cpp.o -lstdc++ -lemutls_w -lgcc -lSystem -lgcc -no_compact_unwind -rpath @loader_path -rpath /opt/homebrew/Cellar/gcc@12/12.3.0/lib/gcc/12/gcc/aarch64-apple-darwin23/12 -rpath /opt/homebrew/Cellar/gcc@12/12.3.0/lib/gcc/12/gcc -rpath /opt/homebrew/Cellar/gcc@12/12.3.0/lib/gcc/12
@(#)PROGRAM:ld-classic  PROJECT:ld64-951.9
BUILD 15:44:42 Feb  3 2024
configured to support archs: armv6 armv7 armv7s arm64 arm64e arm64_32 i386 x86_64 x86_64h armv6m armv7k armv7m armv7em
Library search paths:
	/opt/homebrew/Cellar/gcc@12/12.3.0/lib/gcc/12/gcc/aarch64-apple-darwin23/12
	/opt/homebrew/Cellar/gcc@12/12.3.0/lib/gcc/12/gcc
	/opt/homebrew/Cellar/gcc@12/12.3.0/lib/gcc/12
	/Library/Developer/CommandLineTools/SDKs/MacOSX14.4.sdk/usr/lib
Framework search paths:
	/Library/Developer/CommandLineTools/SDKs/MacOSX14.4.sdk/System/Library/Frameworks/



Parsed CXX implicit include dir info from above output: rv=done
  found start of include info
  found start of implicit include info
    add: [/opt/homebrew/Cellar/gcc@12/12.3.0/bin/../lib/gcc/12/gcc/aarch64-apple-darwin23/12/../../../../../../include/c++/12]
    add: [/opt/homebrew/Cellar/gcc@12/12.3.0/bin/../lib/gcc/12/gcc/aarch64-apple-darwin23/12/../../../../../../include/c++/12/aarch64-apple-darwin23]
    add: [/opt/homebrew/Cellar/gcc@12/12.3.0/bin/../lib/gcc/12/gcc/aarch64-apple-darwin23/12/../../../../../../include/c++/12/backward]
    add: [/opt/homebrew/Cellar/gcc@12/12.3.0/bin/../lib/gcc/12/gcc/aarch64-apple-darwin23/12/include]
    add: [/opt/homebrew/Cellar/gcc@12/12.3.0/bin/../lib/gcc/12/gcc/aarch64-apple-darwin23/12/include-fixed]
    add: [/Library/Developer/CommandLineTools/SDKs/MacOSX14.4.sdk/usr/include]
    add: [/Library/Developer/CommandLineTools/SDKs/MacOSX14.4.sdk/System/Library/Frameworks]
  end of search list found
  collapse include dir [/opt/homebrew/Cellar/gcc@12/12.3.0/bin/../lib/gcc/12/gcc/aarch64-apple-darwin23/12/../../../../../../include/c++/12] ==> [/opt/homebrew/Cellar/gcc@12/12.3.0/include/c++/12]
  collapse include dir [/opt/homebrew/Cellar/gcc@12/12.3.0/bin/../lib/gcc/12/gcc/aarch64-apple-darwin23/12/../../../../../../include/c++/12/aarch64-apple-darwin23] ==> [/opt/homebrew/Cellar/gcc@12/12.3.0/include/c++/12/aarch64-apple-darwin23]
  collapse include dir [/opt/homebrew/Cellar/gcc@12/12.3.0/bin/../lib/gcc/12/gcc/aarch64-apple-darwin23/12/../../../../../../include/c++/12/backward] ==> [/opt/homebrew/Cellar/gcc@12/12.3.0/include/c++/12/backward]
  collapse include dir [/opt/homebrew/Cellar/gcc@12/12.3.0/bin/../lib/gcc/12/gcc/aarch64-apple-darwin23/12/include] ==> [/opt/homebrew/Cellar/gcc@12/12.3.0/lib/gcc/12/gcc/aarch64-apple-darwin23/12/include]
  collapse include dir [/opt/homebrew/Cellar/gcc@12/12.3.0/bin/../lib/gcc/12/gcc/aarch64-apple-darwin23/12/include-fixed] ==> [/opt/homebrew/Cellar/gcc@12/12.3.0/lib/gcc/12/gcc/aarch64-apple-darwin23/12/include-fixed]
  collapse include dir [/Library/Developer/CommandLineTools/SDKs/MacOSX14.4.sdk/usr/include] ==> [/Library/Developer/CommandLineTools/SDKs/MacOSX14.4.sdk/usr/include]
  collapse include dir [/Library/Developer/CommandLineTools/SDKs/MacOSX14.4.sdk/System/Library/Frameworks] ==> [/Library/Developer/CommandLineTools/SDKs/MacOSX14.4.sdk/System/Library/Frameworks]
  implicit include dirs: [/opt/homebrew/Cellar/gcc@12/12.3.0/include/c++/12;/opt/homebrew/Cellar/gcc@12/12.3.0/include/c++/12/aarch64-apple-darwin23;/opt/homebrew/Cellar/gcc@12/12.3.0/include/c++/12/backward;/opt/homebrew/Cellar/gcc@12/12.3.0/lib/gcc/12/gcc/aarch64-apple-darwin23/12/include;/opt/homebrew/Cellar/gcc@12/12.3.0/lib/gcc/12/gcc/aarch64-apple-darwin23/12/include-fixed;/Library/Developer/CommandLineTools/SDKs/MacOSX14.4.sdk/usr/include;/Library/Developer/CommandLineTools/SDKs/MacOSX14.4.sdk/System/Library/Frameworks]


Parsed CXX implicit link information from above output:
  link line regex: [^( *|.*[/\])(ld|CMAKE_LINK_STARTFILE-NOTFOUND|([^/\]+-)?ld|collect2)[^/\]*( |$)]
  ignore line: [Change Dir: /Users/keyoung/CLionProjects/c-c-code-practice/a-tour-of-cpp-y/01-basics/cmake-build-debug/CMakeFiles/CMakeTmp]
  ignore line: []
  ignore line: [Run Build Command(s):/usr/bin/make -f Makefile cmTC_7a9b2/fast && /Library/Developer/CommandLineTools/usr/bin/make  -f CMakeFiles/cmTC_7a9b2.dir/build.make CMakeFiles/cmTC_7a9b2.dir/build]
  ignore line: [Building CXX object CMakeFiles/cmTC_7a9b2.dir/CMakeCXXCompilerABI.cpp.o]
  ignore line: [/opt/homebrew/Cellar/gcc@12/12.3.0/bin/g++-12   -arch x86_64 -isysroot /Library/Developer/CommandLineTools/SDKs/MacOSX14.4.sdk   -v -Wl -v -o CMakeFiles/cmTC_7a9b2.dir/CMakeCXXCompilerABI.cpp.o -c /Applications/CLion.app/Contents/bin/cmake/mac/share/cmake-3.23/Modules/CMakeCXXCompilerABI.cpp]
  ignore line: [g++-12: warning: this compiler does not support x86 ('-arch' option ignored)]
  ignore line: [Using built-in specs.]
  ignore line: [COLLECT_GCC=/opt/homebrew/Cellar/gcc@12/12.3.0/bin/g++-12]
  ignore line: [Target: aarch64-apple-darwin23]
  ignore line: [Configured with: ../configure --prefix=/opt/homebrew/opt/gcc@12 --libdir=/opt/homebrew/opt/gcc@12/lib/gcc/12 --disable-nls --enable-checking=release --with-gcc-major-version-only --enable-languages=c,c++,objc,obj-c++,fortran --program-suffix=-12 --with-gmp=/opt/homebrew/opt/gmp --with-mpfr=/opt/homebrew/opt/mpfr --with-mpc=/opt/homebrew/opt/libmpc --with-isl=/opt/homebrew/opt/isl --with-zstd=/opt/homebrew/opt/zstd --with-pkgversion='Homebrew GCC 12.3.0' --with-bugurl=https://github.com/Homebrew/homebrew-core/issues --with-system-zlib --build=aarch64-apple-darwin23 --with-sysroot=/Library/Developer/CommandLineTools/SDKs/MacOSX14.sdk --with-ld=/Library/Developer/CommandLineTools/usr/bin/ld-classic]
  ignore line: [Thread model: posix]
  ignore line: [Supported LTO compression algorithms: zlib zstd]
  ignore line: [gcc version 12.3.0 (Homebrew GCC 12.3.0) ]
  ignore line: [COLLECT_GCC_OPTIONS='-isysroot' '/Library/Developer/CommandLineTools/SDKs/MacOSX14.4.sdk' '-v' '-o' 'CMakeFiles/cmTC_7a9b2.dir/CMakeCXXCompilerABI.cpp.o' '-c' '-mmacosx-version-min=14.0.0' '-asm_macosx_version_min=14.0' '-nodefaultexport' '-mlittle-endian' '-mabi=lp64' '-dumpdir' 'CMakeFiles/cmTC_7a9b2.dir/']
  ignore line: [ /opt/homebrew/Cellar/gcc@12/12.3.0/bin/../libexec/gcc/aarch64-apple-darwin23/12/cc1plus -quiet -v -iprefix /opt/homebrew/Cellar/gcc@12/12.3.0/bin/../lib/gcc/12/gcc/aarch64-apple-darwin23/12/ -D__DYNAMIC__ -isysroot /Library/Developer/CommandLineTools/SDKs/MacOSX14.4.sdk /Applications/CLion.app/Contents/bin/cmake/mac/share/cmake-3.23/Modules/CMakeCXXCompilerABI.cpp -fPIC -quiet -dumpdir CMakeFiles/cmTC_7a9b2.dir/ -dumpbase CMakeCXXCompilerABI.cpp.cpp -dumpbase-ext .cpp -mmacosx-version-min=14.0.0 -mlittle-endian -mabi=lp64 -version -o /var/folders/8w/jk6l63l54pl1wb1_z7cx5wxr0000gn/T//ccufV14y.s]
  ignore line: [GNU C++17 (Homebrew GCC 12.3.0) version 12.3.0 (aarch64-apple-darwin23)]
  ignore line: [	compiled by GNU C version 12.3.0  GMP version 6.2.1  MPFR version 4.2.0-p12  MPC version 1.3.1  isl version isl-0.26-GMP]
  ignore line: []
  ignore line: [warning: GMP header version 6.2.1 differs from library version 6.3.0.]
  ignore line: [warning: MPFR header version 4.2.0-p12 differs from library version 4.2.1.]
  ignore line: [GGC heuristics: --param ggc-min-expand=100 --param ggc-min-heapsize=131072]
  ignore line: [ignoring nonexistent directory "/opt/homebrew/Cellar/gcc@12/12.3.0/bin/../lib/gcc/12/gcc/aarch64-apple-darwin23/12/../../../../../../aarch64-apple-darwin23/include"]
  ignore line: [ignoring duplicate directory "/opt/homebrew/Cellar/gcc@12/12.3.0/bin/../lib/gcc/12/gcc/../../../../lib/gcc/12/gcc/aarch64-apple-darwin23/12/../../../../../../include/c++/12"]
  ignore line: [ignoring duplicate directory "/opt/homebrew/Cellar/gcc@12/12.3.0/bin/../lib/gcc/12/gcc/../../../../lib/gcc/12/gcc/aarch64-apple-darwin23/12/../../../../../../include/c++/12/aarch64-apple-darwin23"]
  ignore line: [ignoring duplicate directory "/opt/homebrew/Cellar/gcc@12/12.3.0/bin/../lib/gcc/12/gcc/../../../../lib/gcc/12/gcc/aarch64-apple-darwin23/12/../../../../../../include/c++/12/backward"]
  ignore line: [ignoring duplicate directory "/opt/homebrew/Cellar/gcc@12/12.3.0/bin/../lib/gcc/12/gcc/../../../../lib/gcc/12/gcc/aarch64-apple-darwin23/12/include"]
  ignore line: [ignoring nonexistent directory "/Library/Developer/CommandLineTools/SDKs/MacOSX14.4.sdk/usr/local/include"]
  ignore line: [ignoring duplicate directory "/opt/homebrew/Cellar/gcc@12/12.3.0/bin/../lib/gcc/12/gcc/../../../../lib/gcc/12/gcc/aarch64-apple-darwin23/12/include-fixed"]
  ignore line: [ignoring nonexistent directory "/opt/homebrew/Cellar/gcc@12/12.3.0/bin/../lib/gcc/12/gcc/../../../../lib/gcc/12/gcc/aarch64-apple-darwin23/12/../../../../../../aarch64-apple-darwin23/include"]
  ignore line: [ignoring nonexistent directory "/Library/Developer/CommandLineTools/SDKs/MacOSX14.4.sdk/Library/Frameworks"]
  ignore line: [#include "..." search starts here:]
  ignore line: [#include <...> search starts here:]
  ignore line: [ /opt/homebrew/Cellar/gcc@12/12.3.0/bin/../lib/gcc/12/gcc/aarch64-apple-darwin23/12/../../../../../../include/c++/12]
  ignore line: [ /opt/homebrew/Cellar/gcc@12/12.3.0/bin/../lib/gcc/12/gcc/aarch64-apple-darwin23/12/../../../../../../include/c++/12/aarch64-apple-darwin23]
  ignore line: [ /opt/homebrew/Cellar/gcc@12/12.3.0/bin/../lib/gcc/12/gcc/aarch64-apple-darwin23/12/../../../../../../include/c++/12/backward]
  ignore line: [ /opt/homebrew/Cellar/gcc@12/12.3.0/bin/../lib/gcc/12/gcc/aarch64-apple-darwin23/12/include]
  ignore line: [ /opt/homebrew/Cellar/gcc@12/12.3.0/bin/../lib/gcc/12/gcc/aarch64-apple-darwin23/12/include-fixed]
  ignore line: [ /Library/Developer/CommandLineTools/SDKs/MacOSX14.4.sdk/usr/include]
  ignore line: [ /Library/Developer/CommandLineTools/SDKs/MacOSX14.4.sdk/System/Library/Frameworks]
  ignore line: [End of search list.]
  ignore line: [GNU C++17 (Homebrew GCC 12.3.0) version 12.3.0 (aarch64-apple-darwin23)]
  ignore line: [	compiled by GNU C version 12.3.0  GMP version 6.2.1  MPFR version 4.2.0-p12  MPC version 1.3.1  isl version isl-0.26-GMP]
  ignore line: []
  ignore line: [warning: GMP header version 6.2.1 differs from library version 6.3.0.]
  ignore line: [warning: MPFR header version 4.2.0-p12 differs from library version 4.2.1.]
  ignore line: [GGC heuristics: --param ggc-min-expand=100 --param ggc-min-heapsize=131072]
  ignore line: [Compiler executable checksum: a40ffe73cf27d8cfefa006637ea9a7d9]
  ignore line: [COLLECT_GCC_OPTIONS='-isysroot' '/Library/Developer/CommandLineTools/SDKs/MacOSX14.4.sdk' '-v' '-o' 'CMakeFiles/cmTC_7a9b2.dir/CMakeCXXCompilerABI.cpp.o' '-c' '-mmacosx-version-min=14.0.0'  '-nodefaultexport' '-mlittle-endian' '-mabi=lp64' '-dumpdir' 'CMakeFiles/cmTC_7a9b2.dir/']
  ignore line: [ as -arch arm64 -v -mmacosx-version-min=14.0 -o CMakeFiles/cmTC_7a9b2.dir/CMakeCXXCompilerABI.cpp.o /var/folders/8w/jk6l63l54pl1wb1_z7cx5wxr0000gn/T//ccufV14y.s]
  ignore line: [Apple clang version 15.0.0 (clang-1500.3.9.4)]
  ignore line: [Target: arm64-apple-darwin23.5.0]
  ignore line: [Thread model: posix]
  ignore line: [InstalledDir: /Library/Developer/CommandLineTools/usr/bin]
  ignore line: [ "/Library/Developer/CommandLineTools/usr/bin/clang" -cc1as -triple arm64-apple-macosx14.0.0 -filetype obj -main-file-name ccufV14y.s -target-cpu apple-m1 -target-feature +v8.5a -target-feature +crc -target-feature +lse -target-feature +rdm -target-feature +crypto -target-feature +dotprod -target-feature +fp-armv8 -target-feature +neon -target-feature +fp16fml -target-feature +ras -target-feature +rcpc -target-feature +zcm -target-feature +zcz -target-feature +fullfp16 -target-feature +sm4 -target-feature +sha3 -target-feature +sha2 -target-feature +aes -fdebug-compilation-dir=/Users/keyoung/CLionProjects/c-c-code-practice/a-tour-of-cpp-y/01-basics/cmake-build-debug/CMakeFiles/CMakeTmp -dwarf-debug-producer "Apple clang version 15.0.0 (clang-1500.3.9.4)" -dwarf-version=4 -mrelocation-model pic --mrelax-relocations -mllvm -disable-aligned-alloc-awareness=1 -o CMakeFiles/cmTC_7a9b2.dir/CMakeCXXCompilerABI.cpp.o /var/folders/8w/jk6l63l54pl1wb1_z7cx5wxr0000gn/T//ccufV14y.s]
  ignore line: [COMPILER_PATH=/opt/homebrew/Cellar/gcc@12/12.3.0/bin/../libexec/gcc/aarch64-apple-darwin23/12/:/opt/homebrew/Cellar/gcc@12/12.3.0/bin/../libexec/gcc/]
  ignore line: [LIBRARY_PATH=/opt/homebrew/Cellar/gcc@12/12.3.0/bin/../lib/gcc/12/gcc/aarch64-apple-darwin23/12/:/opt/homebrew/Cellar/gcc@12/12.3.0/bin/../lib/gcc/12/gcc/:/opt/homebrew/Cellar/gcc@12/12.3.0/bin/../lib/gcc/12/gcc/aarch64-apple-darwin23/12/../../../]
  ignore line: [COLLECT_GCC_OPTIONS='-isysroot' '/Library/Developer/CommandLineTools/SDKs/MacOSX14.4.sdk' '-v' '-o' 'CMakeFiles/cmTC_7a9b2.dir/CMakeCXXCompilerABI.cpp.o' '-c' '-mmacosx-version-min=14.0.0'  '-nodefaultexport' '-mlittle-endian' '-mabi=lp64' '-dumpdir' 'CMakeFiles/cmTC_7a9b2.dir/CMakeCXXCompilerABI.cpp.']
  ignore line: [Linking CXX executable cmTC_7a9b2]
  ignore line: [/Applications/CLion.app/Contents/bin/cmake/mac/bin/cmake -E cmake_link_script CMakeFiles/cmTC_7a9b2.dir/link.txt --verbose=1]
  ignore line: [/opt/homebrew/Cellar/gcc@12/12.3.0/bin/g++-12  -arch x86_64 -isysroot /Library/Developer/CommandLineTools/SDKs/MacOSX14.4.sdk -Wl -search_paths_first -Wl -headerpad_max_install_names  -v -Wl -v CMakeFiles/cmTC_7a9b2.dir/CMakeCXXCompilerABI.cpp.o -o cmTC_7a9b2 ]
  ignore line: [g++-12: warning: this compiler does not support x86 ('-arch' option ignored)]
  ignore line: [Using built-in specs.]
  ignore line: [COLLECT_GCC=/opt/homebrew/Cellar/gcc@12/12.3.0/bin/g++-12]
  ignore line: [COLLECT_LTO_WRAPPER=/opt/homebrew/Cellar/gcc@12/12.3.0/bin/../libexec/gcc/aarch64-apple-darwin23/12/lto-wrapper]
  ignore line: [Target: aarch64-apple-darwin23]
  ignore line: [Configured with: ../configure --prefix=/opt/homebrew/opt/gcc@12 --libdir=/opt/homebrew/opt/gcc@12/lib/gcc/12 --disable-nls --enable-checking=release --with-gcc-major-version-only --enable-languages=c,c++,objc,obj-c++,fortran --program-suffix=-12 --with-gmp=/opt/homebrew/opt/gmp --with-mpfr=/opt/homebrew/opt/mpfr --with-mpc=/opt/homebrew/opt/libmpc --with-isl=/opt/homebrew/opt/isl --with-zstd=/opt/homebrew/opt/zstd --with-pkgversion='Homebrew GCC 12.3.0' --with-bugurl=https://github.com/Homebrew/homebrew-core/issues --with-system-zlib --build=aarch64-apple-darwin23 --with-sysroot=/Library/Developer/CommandLineTools/SDKs/MacOSX14.sdk --with-ld=/Library/Developer/CommandLineTools/usr/bin/ld-classic]
  ignore line: [Thread model: posix]
  ignore line: [Supported LTO compression algorithms: zlib zstd]
  ignore line: [gcc version 12.3.0 (Homebrew GCC 12.3.0) ]
  ignore line: [COMPILER_PATH=/opt/homebrew/Cellar/gcc@12/12.3.0/bin/../libexec/gcc/aarch64-apple-darwin23/12/:/opt/homebrew/Cellar/gcc@12/12.3.0/bin/../libexec/gcc/]
  ignore line: [LIBRARY_PATH=/opt/homebrew/Cellar/gcc@12/12.3.0/bin/../lib/gcc/12/gcc/aarch64-apple-darwin23/12/:/opt/homebrew/Cellar/gcc@12/12.3.0/bin/../lib/gcc/12/gcc/:/opt/homebrew/Cellar/gcc@12/12.3.0/bin/../lib/gcc/12/gcc/aarch64-apple-darwin23/12/../../../]
  ignore line: [COLLECT_GCC_OPTIONS='-isysroot' '/Library/Developer/CommandLineTools/SDKs/MacOSX14.4.sdk' '-v' '-o' 'cmTC_7a9b2' '-mmacosx-version-min=14.0.0' '-asm_macosx_version_min=14.0' '-nodefaultexport' '-mlittle-endian' '-mabi=lp64' '-dumpdir' 'cmTC_7a9b2.']
  link line: [ /opt/homebrew/Cellar/gcc@12/12.3.0/bin/../libexec/gcc/aarch64-apple-darwin23/12/collect2 -dynamic -arch arm64 -syslibroot /Library/Developer/CommandLineTools/SDKs/MacOSX14.4.sdk -macosx_version_min 14.0.0 -o cmTC_7a9b2 -L/opt/homebrew/Cellar/gcc@12/12.3.0/bin/../lib/gcc/12/gcc/aarch64-apple-darwin23/12 -L/opt/homebrew/Cellar/gcc@12/12.3.0/bin/../lib/gcc/12/gcc -L/opt/homebrew/Cellar/gcc@12/12.3.0/bin/../lib/gcc/12/gcc/aarch64-apple-darwin23/12/../../.. -search_paths_first -headerpad_max_install_names -v CMakeFiles/cmTC_7a9b2.dir/CMakeCXXCompilerABI.cpp.o -lstdc++ -lemutls_w -lgcc -lSystem -lgcc -no_compact_unwind -rpath @loader_path -rpath /opt/homebrew/Cellar/gcc@12/12.3.0/lib/gcc/12/gcc/aarch64-apple-darwin23/12 -rpath /opt/homebrew/Cellar/gcc@12/12.3.0/lib/gcc/12/gcc -rpath /opt/homebrew/Cellar/gcc@12/12.3.0/lib/gcc/12]
    arg [/opt/homebrew/Cellar/gcc@12/12.3.0/bin/../libexec/gcc/aarch64-apple-darwin23/12/collect2] ==> ignore
    arg [-dynamic] ==> ignore
    arg [-arch] ==> ignore
    arg [arm64] ==> ignore
    arg [-syslibroot] ==> ignore
    arg [/Library/Developer/CommandLineTools/SDKs/MacOSX14.4.sdk] ==> ignore
    arg [-macosx_version_min] ==> ignore
    arg [14.0.0] ==> ignore
    arg [-o] ==> ignore
    arg [cmTC_7a9b2] ==> ignore
    arg [-L/opt/homebrew/Cellar/gcc@12/12.3.0/bin/../lib/gcc/12/gcc/aarch64-apple-darwin23/12] ==> dir [/opt/homebrew/Cellar/gcc@12/12.3.0/bin/../lib/gcc/12/gcc/aarch64-apple-darwin23/12]
    arg [-L/opt/homebrew/Cellar/gcc@12/12.3.0/bin/../lib/gcc/12/gcc] ==> dir [/opt/homebrew/Cellar/gcc@12/12.3.0/bin/../lib/gcc/12/gcc]
    arg [-L/opt/homebrew/Cellar/gcc@12/12.3.0/bin/../lib/gcc/12/gcc/aarch64-apple-darwin23/12/../../..] ==> dir [/opt/homebrew/Cellar/gcc@12/12.3.0/bin/../lib/gcc/12/gcc/aarch64-apple-darwin23/12/../../..]
    arg [-search_paths_first] ==> ignore
    arg [-headerpad_max_install_names] ==> ignore
    arg [-v] ==> ignore
    arg [CMakeFiles/cmTC_7a9b2.dir/CMakeCXXCompilerABI.cpp.o] ==> ignore
    arg [-lstdc++] ==> lib [stdc++]
    arg [-lemutls_w] ==> lib [emutls_w]
    arg [-lgcc] ==> lib [gcc]
    arg [-lSystem] ==> lib [System]
    arg [-lgcc] ==> lib [gcc]
    arg [-no_compact_unwind] ==> ignore
    arg [-rpath] ==> ignore
    arg [@loader_path] ==> ignore
    arg [-rpath] ==> ignore
    arg [/opt/homebrew/Cellar/gcc@12/12.3.0/lib/gcc/12/gcc/aarch64-apple-darwin23/12] ==> ignore
    arg [-rpath] ==> ignore
    arg [/opt/homebrew/Cellar/gcc@12/12.3.0/lib/gcc/12/gcc] ==> ignore
    arg [-rpath] ==> ignore
    arg [/opt/homebrew/Cellar/gcc@12/12.3.0/lib/gcc/12] ==> ignore
  Library search paths: [;/opt/homebrew/Cellar/gcc@12/12.3.0/lib/gcc/12/gcc/aarch64-apple-darwin23/12;/opt/homebrew/Cellar/gcc@12/12.3.0/lib/gcc/12/gcc;/opt/homebrew/Cellar/gcc@12/12.3.0/lib/gcc/12;/Library/Developer/CommandLineTools/SDKs/MacOSX14.4.sdk/usr/lib]
  Framework search paths: [;/Library/Developer/CommandLineTools/SDKs/MacOSX14.4.sdk/System/Library/Frameworks/]
  remove lib [System]
  collapse library dir [/opt/homebrew/Cellar/gcc@12/12.3.0/bin/../lib/gcc/12/gcc/aarch64-apple-darwin23/12] ==> [/opt/homebrew/Cellar/gcc@12/12.3.0/lib/gcc/12/gcc/aarch64-apple-darwin23/12]
  collapse library dir [/opt/homebrew/Cellar/gcc@12/12.3.0/bin/../lib/gcc/12/gcc] ==> [/opt/homebrew/Cellar/gcc@12/12.3.0/lib/gcc/12/gcc]
  collapse library dir [/opt/homebrew/Cellar/gcc@12/12.3.0/bin/../lib/gcc/12/gcc/aarch64-apple-darwin23/12/../../..] ==> [/opt/homebrew/Cellar/gcc@12/12.3.0/lib/gcc/12]
  collapse library dir [/opt/homebrew/Cellar/gcc@12/12.3.0/lib/gcc/12/gcc/aarch64-apple-darwin23/12] ==> [/opt/homebrew/Cellar/gcc@12/12.3.0/lib/gcc/12/gcc/aarch64-apple-darwin23/12]
  collapse library dir [/opt/homebrew/Cellar/gcc@12/12.3.0/lib/gcc/12/gcc] ==> [/opt/homebrew/Cellar/gcc@12/12.3.0/lib/gcc/12/gcc]
  collapse library dir [/opt/homebrew/Cellar/gcc@12/12.3.0/lib/gcc/12] ==> [/opt/homebrew/Cellar/gcc@12/12.3.0/lib/gcc/12]
  collapse library dir [/Library/Developer/CommandLineTools/SDKs/MacOSX14.4.sdk/usr/lib] ==> [/Library/Developer/CommandLineTools/SDKs/MacOSX14.4.sdk/usr/lib]
  collapse framework dir [/Library/Developer/CommandLineTools/SDKs/MacOSX14.4.sdk/System/Library/Frameworks/] ==> [/Library/Developer/CommandLineTools/SDKs/MacOSX14.4.sdk/System/Library/Frameworks]
  implicit libs: [stdc++;emutls_w;gcc;gcc]
  implicit objs: []
  implicit dirs: [/opt/homebrew/Cellar/gcc@12/12.3.0/lib/gcc/12/gcc/aarch64-apple-darwin23/12;/opt/homebrew/Cellar/gcc@12/12.3.0/lib/gcc/12/gcc;/opt/homebrew/Cellar/gcc@12/12.3.0/lib/gcc/12;/Library/Developer/CommandLineTools/SDKs/MacOSX14.4.sdk/usr/lib]
  implicit fwks: [/Library/Developer/CommandLineTools/SDKs/MacOSX14.4.sdk/System/Library/Frameworks]


